This is pdfTeX, Version 3.1415926-2.5-1.40.14 (MiKTeX 2.9) (preloaded format=pdflatex 2014.2.20)  22 APR 2014 01:05
entering extended mode
**memoria*inicial.tex
("C:\Users\Jordi\Dropbox\Duojordanico\PFG UAV!!\LaTeX\Memoria inicial (oficial)\memoria inicial.tex"
LaTeX2e <2011/06/27>
Babel <v3.8m> and hyphenation patterns for english, afrikaans, ancientgreek, arabic, armenian, assamese, basque, bengali
, bokmal, bulgarian, catalan, coptic, croatian, czech, danish, dutch, esperanto, estonian, farsi, finnish, french, galic
ian, german, german-x-2013-05-26, greek, gujarati, hindi, hungarian, icelandic, indonesian, interlingua, irish, italian,
 kannada, kurmanji, latin, latvian, lithuanian, malayalam, marathi, mongolian, mongolianlmc, monogreek, ngerman, ngerman
-x-2013-05-26, nynorsk, oriya, panjabi, pinyin, polish, portuguese, romanian, russian, sanskrit, serbian, slovak, sloven
ian, spanish, swedish, swissgerman, tamil, telugu, turkish, turkmen, ukenglish, ukrainian, uppersorbian, usenglishmax, w
elsh, loaded.
("C:\Program Files (x86)\MiKTeX 2.9\tex\latex\base\article.cls"
Document Class: article 2007/10/19 v1.4h Standard LaTeX document class
("C:\Program Files (x86)\MiKTeX 2.9\tex\latex\base\size12.clo"
File: size12.clo 2007/10/19 v1.4h Standard LaTeX file (size option)
)
\c@part=\count79
\c@section=\count80
\c@subsection=\count81
\c@subsubsection=\count82
\c@paragraph=\count83
\c@subparagraph=\count84
\c@figure=\count85
\c@table=\count86
\abovecaptionskip=\skip41
\belowcaptionskip=\skip42
\bibindent=\dimen102
)
("C:\Program Files (x86)\MiKTeX 2.9\tex\latex\geometry\geometry.sty"
Package: geometry 2010/09/12 v5.6 Page Geometry

("C:\Program Files (x86)\MiKTeX 2.9\tex\latex\graphics\keyval.sty"
Package: keyval 1999/03/16 v1.13 key=value parser (DPC)
\KV@toks@=\toks14
)
("C:\Program Files (x86)\MiKTeX 2.9\tex\generic\oberdiek\ifpdf.sty"
Package: ifpdf 2011/01/30 v2.3 Provides the ifpdf switch (HO)
Package ifpdf Info: pdfTeX in PDF mode is detected.
)
("C:\Program Files (x86)\MiKTeX 2.9\tex\generic\oberdiek\ifvtex.sty"
Package: ifvtex 2010/03/01 v1.5 Detect VTeX and its facilities (HO)
Package ifvtex Info: VTeX not detected.
)
("C:\Program Files (x86)\MiKTeX 2.9\tex\generic\ifxetex\ifxetex.sty"
Package: ifxetex 2010/09/12 v0.6 Provides ifxetex conditional
)
\Gm@cnth=\count87
\Gm@cntv=\count88
\c@Gm@tempcnt=\count89
\Gm@bindingoffset=\dimen103
\Gm@wd@mp=\dimen104
\Gm@odd@mp=\dimen105
\Gm@even@mp=\dimen106
\Gm@layoutwidth=\dimen107
\Gm@layoutheight=\dimen108
\Gm@layouthoffset=\dimen109
\Gm@layoutvoffset=\dimen110
\Gm@dimlist=\toks15

("C:\Program Files (x86)\MiKTeX 2.9\tex\latex\geometry\geometry.cfg"))
("C:\Program Files (x86)\MiKTeX 2.9\tex\latex\graphics\graphicx.sty"
Package: graphicx 1999/02/16 v1.0f Enhanced LaTeX Graphics (DPC,SPQR)

("C:\Program Files (x86)\MiKTeX 2.9\tex\latex\graphics\graphics.sty"
Package: graphics 2009/02/05 v1.0o Standard LaTeX Graphics (DPC,SPQR)

("C:\Program Files (x86)\MiKTeX 2.9\tex\latex\graphics\trig.sty"
Package: trig 1999/03/16 v1.09 sin cos tan (DPC)
)
("C:\Program Files (x86)\MiKTeX 2.9\tex\latex\00miktex\graphics.cfg"
File: graphics.cfg 2007/01/18 v1.5 graphics configuration of teTeX/TeXLive
)
Package graphics Info: Driver file: pdftex.def on input line 91.

("C:\Program Files (x86)\MiKTeX 2.9\tex\latex\pdftex-def\pdftex.def"
File: pdftex.def 2011/05/27 v0.06d Graphics/color for pdfTeX

("C:\Program Files (x86)\MiKTeX 2.9\tex\generic\oberdiek\infwarerr.sty"
Package: infwarerr 2010/04/08 v1.3 Providing info/warning/error messages (HO)
)
("C:\Program Files (x86)\MiKTeX 2.9\tex\generic\oberdiek\ltxcmds.sty"
Package: ltxcmds 2011/11/09 v1.22 LaTeX kernel commands for general use (HO)
)
\Gread@gobject=\count90
))
\Gin@req@height=\dimen111
\Gin@req@width=\dimen112
)
("C:\Program Files (x86)\MiKTeX 2.9\tex\latex\base\inputenc.sty"
Package: inputenc 2008/03/30 v1.1d Input encoding file
\inpenc@prehook=\toks16
\inpenc@posthook=\toks17

("C:\Program Files (x86)\MiKTeX 2.9\tex\latex\base\utf8.def"
File: utf8.def 2008/04/05 v1.1m UTF-8 support for inputenc
Now handling font encoding OML ...
... no UTF-8 mapping file for font encoding OML
Now handling font encoding T1 ...
... processing UTF-8 mapping file for font encoding T1
 ("C:\Program Files (x86)\MiKTeX 2.9\tex\latex\base\t1enc.dfu"
File: t1enc.dfu 2008/04/05 v1.1m UTF-8 support for inputenc
   defining Unicode char U+00A1 (decimal 161)
   defining Unicode char U+00A3 (decimal 163)
   defining Unicode char U+00AB (decimal 171)
   defining Unicode char U+00BB (decimal 187)
   defining Unicode char U+00BF (decimal 191)
   defining Unicode char U+00C0 (decimal 192)
   defining Unicode char U+00C1 (decimal 193)
   defining Unicode char U+00C2 (decimal 194)
   defining Unicode char U+00C3 (decimal 195)
   defining Unicode char U+00C4 (decimal 196)
   defining Unicode char U+00C5 (decimal 197)
   defining Unicode char U+00C6 (decimal 198)
   defining Unicode char U+00C7 (decimal 199)
   defining Unicode char U+00C8 (decimal 200)
   defining Unicode char U+00C9 (decimal 201)
   defining Unicode char U+00CA (decimal 202)
   defining Unicode char U+00CB (decimal 203)
   defining Unicode char U+00CC (decimal 204)
   defining Unicode char U+00CD (decimal 205)
   defining Unicode char U+00CE (decimal 206)
   defining Unicode char U+00CF (decimal 207)
   defining Unicode char U+00D0 (decimal 208)
   defining Unicode char U+00D1 (decimal 209)
   defining Unicode char U+00D2 (decimal 210)
   defining Unicode char U+00D3 (decimal 211)
   defining Unicode char U+00D4 (decimal 212)
   defining Unicode char U+00D5 (decimal 213)
   defining Unicode char U+00D6 (decimal 214)
   defining Unicode char U+00D8 (decimal 216)
   defining Unicode char U+00D9 (decimal 217)
   defining Unicode char U+00DA (decimal 218)
   defining Unicode char U+00DB (decimal 219)
   defining Unicode char U+00DC (decimal 220)
   defining Unicode char U+00DD (decimal 221)
   defining Unicode char U+00DE (decimal 222)
   defining Unicode char U+00DF (decimal 223)
   defining Unicode char U+00E0 (decimal 224)
   defining Unicode char U+00E1 (decimal 225)
   defining Unicode char U+00E2 (decimal 226)
   defining Unicode char U+00E3 (decimal 227)
   defining Unicode char U+00E4 (decimal 228)
   defining Unicode char U+00E5 (decimal 229)
   defining Unicode char U+00E6 (decimal 230)
   defining Unicode char U+00E7 (decimal 231)
   defining Unicode char U+00E8 (decimal 232)
   defining Unicode char U+00E9 (decimal 233)
   defining Unicode char U+00EA (decimal 234)
   defining Unicode char U+00EB (decimal 235)
   defining Unicode char U+00EC (decimal 236)
   defining Unicode char U+00ED (decimal 237)
   defining Unicode char U+00EE (decimal 238)
   defining Unicode char U+00EF (decimal 239)
   defining Unicode char U+00F0 (decimal 240)
   defining Unicode char U+00F1 (decimal 241)
   defining Unicode char U+00F2 (decimal 242)
   defining Unicode char U+00F3 (decimal 243)
   defining Unicode char U+00F4 (decimal 244)
   defining Unicode char U+00F5 (decimal 245)
   defining Unicode char U+00F6 (decimal 246)
   defining Unicode char U+00F8 (decimal 248)
   defining Unicode char U+00F9 (decimal 249)
   defining Unicode char U+00FA (decimal 250)
   defining Unicode char U+00FB (decimal 251)
   defining Unicode char U+00FC (decimal 252)
   defining Unicode char U+00FD (decimal 253)
   defining Unicode char U+00FE (decimal 254)
   defining Unicode char U+00FF (decimal 255)
   defining Unicode char U+0102 (decimal 258)
   defining Unicode char U+0103 (decimal 259)
   defining Unicode char U+0104 (decimal 260)
   defining Unicode char U+0105 (decimal 261)
   defining Unicode char U+0106 (decimal 262)
   defining Unicode char U+0107 (decimal 263)
   defining Unicode char U+010C (decimal 268)
   defining Unicode char U+010D (decimal 269)
   defining Unicode char U+010E (decimal 270)
   defining Unicode char U+010F (decimal 271)
   defining Unicode char U+0110 (decimal 272)
   defining Unicode char U+0111 (decimal 273)
   defining Unicode char U+0118 (decimal 280)
   defining Unicode char U+0119 (decimal 281)
   defining Unicode char U+011A (decimal 282)
   defining Unicode char U+011B (decimal 283)
   defining Unicode char U+011E (decimal 286)
   defining Unicode char U+011F (decimal 287)
   defining Unicode char U+0130 (decimal 304)
   defining Unicode char U+0131 (decimal 305)
   defining Unicode char U+0132 (decimal 306)
   defining Unicode char U+0133 (decimal 307)
   defining Unicode char U+0139 (decimal 313)
   defining Unicode char U+013A (decimal 314)
   defining Unicode char U+013D (decimal 317)
   defining Unicode char U+013E (decimal 318)
   defining Unicode char U+0141 (decimal 321)
   defining Unicode char U+0142 (decimal 322)
   defining Unicode char U+0143 (decimal 323)
   defining Unicode char U+0144 (decimal 324)
   defining Unicode char U+0147 (decimal 327)
   defining Unicode char U+0148 (decimal 328)
   defining Unicode char U+014A (decimal 330)
   defining Unicode char U+014B (decimal 331)
   defining Unicode char U+0150 (decimal 336)
   defining Unicode char U+0151 (decimal 337)
   defining Unicode char U+0152 (decimal 338)
   defining Unicode char U+0153 (decimal 339)
   defining Unicode char U+0154 (decimal 340)
   defining Unicode char U+0155 (decimal 341)
   defining Unicode char U+0158 (decimal 344)
   defining Unicode char U+0159 (decimal 345)
   defining Unicode char U+015A (decimal 346)
   defining Unicode char U+015B (decimal 347)
   defining Unicode char U+015E (decimal 350)
   defining Unicode char U+015F (decimal 351)
   defining Unicode char U+0160 (decimal 352)
   defining Unicode char U+0161 (decimal 353)
   defining Unicode char U+0162 (decimal 354)
   defining Unicode char U+0163 (decimal 355)
   defining Unicode char U+0164 (decimal 356)
   defining Unicode char U+0165 (decimal 357)
   defining Unicode char U+016E (decimal 366)
   defining Unicode char U+016F (decimal 367)
   defining Unicode char U+0170 (decimal 368)
   defining Unicode char U+0171 (decimal 369)
   defining Unicode char U+0178 (decimal 376)
   defining Unicode char U+0179 (decimal 377)
   defining Unicode char U+017A (decimal 378)
   defining Unicode char U+017B (decimal 379)
   defining Unicode char U+017C (decimal 380)
   defining Unicode char U+017D (decimal 381)
   defining Unicode char U+017E (decimal 382)
   defining Unicode char U+200C (decimal 8204)
   defining Unicode char U+2013 (decimal 8211)
   defining Unicode char U+2014 (decimal 8212)
   defining Unicode char U+2018 (decimal 8216)
   defining Unicode char U+2019 (decimal 8217)
   defining Unicode char U+201A (decimal 8218)
   defining Unicode char U+201C (decimal 8220)
   defining Unicode char U+201D (decimal 8221)
   defining Unicode char U+201E (decimal 8222)
   defining Unicode char U+2030 (decimal 8240)
   defining Unicode char U+2031 (decimal 8241)
   defining Unicode char U+2039 (decimal 8249)
   defining Unicode char U+203A (decimal 8250)
   defining Unicode char U+2423 (decimal 9251)
)
Now handling font encoding OT1 ...
... processing UTF-8 mapping file for font encoding OT1
 ("C:\Program Files (x86)\MiKTeX 2.9\tex\latex\base\ot1enc.dfu"
File: ot1enc.dfu 2008/04/05 v1.1m UTF-8 support for inputenc
   defining Unicode char U+00A1 (decimal 161)
   defining Unicode char U+00A3 (decimal 163)
   defining Unicode char U+00B8 (decimal 184)
   defining Unicode char U+00BF (decimal 191)
   defining Unicode char U+00C5 (decimal 197)
   defining Unicode char U+00C6 (decimal 198)
   defining Unicode char U+00D8 (decimal 216)
   defining Unicode char U+00DF (decimal 223)
   defining Unicode char U+00E6 (decimal 230)
   defining Unicode char U+00EC (decimal 236)
   defining Unicode char U+00ED (decimal 237)
   defining Unicode char U+00EE (decimal 238)
   defining Unicode char U+00EF (decimal 239)
   defining Unicode char U+00F8 (decimal 248)
   defining Unicode char U+0131 (decimal 305)
   defining Unicode char U+0141 (decimal 321)
   defining Unicode char U+0142 (decimal 322)
   defining Unicode char U+0152 (decimal 338)
   defining Unicode char U+0153 (decimal 339)
   defining Unicode char U+2013 (decimal 8211)
   defining Unicode char U+2014 (decimal 8212)
   defining Unicode char U+2018 (decimal 8216)
   defining Unicode char U+2019 (decimal 8217)
   defining Unicode char U+201C (decimal 8220)
   defining Unicode char U+201D (decimal 8221)
)
Now handling font encoding OMS ...
... processing UTF-8 mapping file for font encoding OMS

("C:\Program Files (x86)\MiKTeX 2.9\tex\latex\base\omsenc.dfu"
File: omsenc.dfu 2008/04/05 v1.1m UTF-8 support for inputenc
   defining Unicode char U+00A7 (decimal 167)
   defining Unicode char U+00B6 (decimal 182)
   defining Unicode char U+00B7 (decimal 183)
   defining Unicode char U+2020 (decimal 8224)
   defining Unicode char U+2021 (decimal 8225)
   defining Unicode char U+2022 (decimal 8226)
)
Now handling font encoding OMX ...
... no UTF-8 mapping file for font encoding OMX
Now handling font encoding U ...
... no UTF-8 mapping file for font encoding U
   defining Unicode char U+00A9 (decimal 169)
   defining Unicode char U+00AA (decimal 170)
   defining Unicode char U+00AE (decimal 174)
   defining Unicode char U+00BA (decimal 186)
   defining Unicode char U+02C6 (decimal 710)
   defining Unicode char U+02DC (decimal 732)
   defining Unicode char U+200C (decimal 8204)
   defining Unicode char U+2026 (decimal 8230)
   defining Unicode char U+2122 (decimal 8482)
   defining Unicode char U+2423 (decimal 9251)
))
("C:\Program Files (x86)\MiKTeX 2.9\tex\latex\fancyhdr\fancyhdr.sty"
\fancy@headwidth=\skip43
\f@ncyO@elh=\skip44
\f@ncyO@erh=\skip45
\f@ncyO@olh=\skip46
\f@ncyO@orh=\skip47
\f@ncyO@elf=\skip48
\f@ncyO@erf=\skip49
\f@ncyO@olf=\skip50
\f@ncyO@orf=\skip51
)
("C:\Users\Jordi\Dropbox\Duojordanico\PFG UAV!!\LaTeX\Memoria inicial (oficial)\memoria inicial.aux")
LaTeX Font Info:    Checking defaults for OML/cmm/m/it on input line 15.
LaTeX Font Info:    ... okay on input line 15.
LaTeX Font Info:    Checking defaults for T1/cmr/m/n on input line 15.
LaTeX Font Info:    ... okay on input line 15.
LaTeX Font Info:    Checking defaults for OT1/cmr/m/n on input line 15.
LaTeX Font Info:    ... okay on input line 15.
LaTeX Font Info:    Checking defaults for OMS/cmsy/m/n on input line 15.
LaTeX Font Info:    ... okay on input line 15.
LaTeX Font Info:    Checking defaults for OMX/cmex/m/n on input line 15.
LaTeX Font Info:    ... okay on input line 15.
LaTeX Font Info:    Checking defaults for U/cmr/m/n on input line 15.
LaTeX Font Info:    ... okay on input line 15.

*geometry* driver: auto-detecting
*geometry* detected driver: pdftex
*geometry* verbose mode - [ preamble ] result:
* driver: pdftex
* paper: <default>
* layout: <same size as paper>
* layoutoffset:(h,v)=(0.0pt,0.0pt)
* hratio: 1:1
* modes: twoside 
* h-part:(L,W,R)=(92.14519pt, 430.00462pt, 92.14519pt)
* v-part:(T,H,B)=(95.39737pt, 556.47656pt, 143.09605pt)
* \paperwidth=614.295pt
* \paperheight=794.96999pt
* \textwidth=430.00462pt
* \textheight=556.47656pt
* \oddsidemargin=19.8752pt
* \evensidemargin=19.8752pt
* \topmargin=-13.87262pt
* \headheight=12.0pt
* \headsep=25.0pt
* \topskip=12.0pt
* \footskip=30.0pt
* \marginparwidth=95.0pt
* \marginparsep=10.0pt
* \columnsep=10.0pt
* \skip\footins=10.8pt plus 4.0pt minus 2.0pt
* \hoffset=0.0pt
* \voffset=0.0pt
* \mag=1000
* \@twocolumnfalse
* \@twosidetrue
* \@mparswitchtrue
* \@reversemarginfalse
* (1in=72.27pt=25.4mm, 1cm=28.453pt)

("C:\Program Files (x86)\MiKTeX 2.9\tex\context\base\supp-pdf.mkii"
[Loading MPS to PDF converter (version 2006.09.02).]
\scratchcounter=\count91
\scratchdimen=\dimen113
\scratchbox=\box26
\nofMPsegments=\count92
\nofMParguments=\count93
\everyMPshowfont=\toks18
\MPscratchCnt=\count94
\MPscratchDim=\dimen114
\MPnumerator=\count95
\makeMPintoPDFobject=\count96
\everyMPtoPDFconversion=\toks19
)
LaTeX Font Info:    External font `cmex10' loaded for size
(Font)              <14.4> on input line 26.
LaTeX Font Info:    External font `cmex10' loaded for size
(Font)              <7> on input line 26.
 [1

{C:/ProgramData/MiKTeX/2.9/pdftex/config/pdftex.map}]
("C:\Users\Jordi\Dropbox\Duojordanico\PFG UAV!!\LaTeX\Memoria inicial (oficial)\memoria inicial.toc"
LaTeX Font Info:    External font `cmex10' loaded for size
(Font)              <12> on input line 2.
LaTeX Font Info:    External font `cmex10' loaded for size
(Font)              <8> on input line 2.
LaTeX Font Info:    External font `cmex10' loaded for size
(Font)              <6> on input line 2.
)
\tf@toc=\write3


Package Fancyhdr Warning: \headheight is too small (12.0pt): 
 Make it at least 14.49998pt.
 We now make it that large for the rest of the document.
 This may cause the page layout to be inconsistent, however.

<Imatges/etseib.png, id=7, 65.043pt x 85.0377pt>
File: Imatges/etseib.png Graphic file (type png)
 <use Imatges/etseib.png>
Package pdftex.def Info: Imatges/etseib.png used on input line 32.
(pdftex.def)             Requested size: 19.51305pt x 25.51149pt.
 [2 <C:/Users/Jordi/Dropbox/Duojordanico/PFG UAV!!/LaTeX/Memoria inicial (oficial)/Imatges/etseib.png>]
<Imatges/Funcionament/rotations.png, id=14, 533.74406pt x 401.24907pt>
File: Imatges/Funcionament/rotations.png Graphic file (type png)
 <use Imatges/Funcionament/rotations.png>
Package pdftex.def Info: Imatges/Funcionament/rotations.png used on input line 49.
(pdftex.def)             Requested size: 301.00192pt x 226.2898pt.

<Imatges/Funcionament/quadrotorhover.png, id=15, 513.92pt x 513.92pt>
File: Imatges/Funcionament/quadrotorhover.png Graphic file (type png)
 <use Imatges/Funcionament/quadrotorhover.png>
Package pdftex.def Info: Imatges/Funcionament/quadrotorhover.png used on input line 56.
(pdftex.def)             Requested size: 171.99922pt x 172.00154pt.

<Imatges/Funcionament/quadrotorpitch_androll.png, id=16, 513.92pt x 513.92pt>
File: Imatges/Funcionament/quadrotorpitch_androll.png Graphic file (type png)

<use Imatges/Funcionament/quadrotorpitch_androll.png>
Package pdftex.def Info: Imatges/Funcionament/quadrotorpitch_androll.png used on input line 67.
(pdftex.def)             Requested size: 171.99922pt x 172.00154pt.
File: Imatges/etseib.png Graphic file (type png)
 <use Imatges/etseib.png>
Package pdftex.def Info: Imatges/etseib.png used on input line 73.
(pdftex.def)             Requested size: 19.51305pt x 25.51149pt.
 [3 <C:/Users/Jordi/Dropbox/Duojordanico/PFG UAV!!/LaTeX/Memoria inicial (oficial)/Imatges/Funcionament/rotations.png>]
File: Imatges/etseib.png Graphic file (type png)
 <use Imatges/etseib.png>
Package pdftex.def Info: Imatges/etseib.png used on input line 73.
(pdftex.def)             Requested size: 19.51305pt x 25.51149pt.
 [4 <C:/Users/Jordi/Dropbox/Duojordanico/PFG UAV!!/LaTeX/Memoria inicial (oficial)/Imatges/Funcionament/quadrotorhover.p
ng> <C:/Users/Jordi/Dropbox/Duojordanico/PFG UAV!!/LaTeX/Memoria inicial (oficial)/Imatges/Funcionament/quadrotorpitch_a
ndroll.png>]
<Imatges/Funcionament/quadrotoryaw.png, id=26, 513.92pt x 513.92pt>
File: Imatges/Funcionament/quadrotoryaw.png Graphic file (type png)
 <use Imatges/Funcionament/quadrotoryaw.png>
Package pdftex.def Info: Imatges/Funcionament/quadrotoryaw.png used on input line 76.
(pdftex.def)             Requested size: 171.99922pt x 172.00154pt.
LaTeX Font Info:    Try loading font information for OMS+cmr on input line 85.

("C:\Program Files (x86)\MiKTeX 2.9\tex\latex\base\omscmr.fd"
File: omscmr.fd 1999/05/25 v2.5h Standard LaTeX font definitions
)
LaTeX Font Info:    Font shape `OMS/cmr/m/n' in size <12> not available
(Font)              Font shape `OMS/cmsy/m/n' tried instead on input line 85.

Overfull \hbox (21.2518pt too wide) in paragraph at lines 92--93
[]\OT1/cmr/m/n/12 Mediante es-tos 4 movimien-tos y sus multiples com-bi-na-ciones se con-trola el movimiento
 []

File: Imatges/etseib.png Graphic file (type png)
<use Imatges/etseib.png>
Package pdftex.def Info: Imatges/etseib.png used on input line 102.
(pdftex.def)             Requested size: 19.51305pt x 25.51149pt.
 [5 <C:/Users/Jordi/Dropbox/Duojordanico/PFG UAV!!/LaTeX/Memoria inicial (oficial)/Imatges/Funcionament/quadrotoryaw.png
>] <Imatges/Funcionament/motor_continua.png, id=32, 543.9522pt x 361.35pt>
File: Imatges/Funcionament/motor_continua.png Graphic file (type png)

<use Imatges/Funcionament/motor_continua.png>
Package pdftex.def Info: Imatges/Funcionament/motor_continua.png used on input line 124.
(pdftex.def)             Requested size: 171.99922pt x 114.26143pt.

Overfull \hbox (5.00197pt too wide) in paragraph at lines 121--128
\OT1/cmr/m/n/12 stante y unas bobi-nas en el ro-tor (parte in-te-rior movil) conec-tadas electricamente
 []

<Imatges/Funcionament/bobinas_motor_continua.png, id=33, 2517.405pt x 1888.05376pt>
File: Imatges/Funcionament/bobinas_motor_continua.png Graphic file (type png)

<use Imatges/Funcionament/bobinas_motor_continua.png>
Package pdftex.def Info: Imatges/Funcionament/bobinas_motor_continua.png used on input line 133.
(pdftex.def)             Requested size: 171.99922pt x 128.97943pt.
File: Imatges/etseib.png Graphic file (type png)
 <use Imatges/etseib.png>
Package pdftex.def Info: Imatges/etseib.png used on input line 136.
(pdftex.def)             Requested size: 19.51305pt x 25.51149pt.
 [6]
<Imatges/Funcionament/motor_continua_esquema.png, id=37, 501.875pt x 372.39125pt>
File: Imatges/Funcionament/motor_continua_esquema.png Graphic file (type png)

<use Imatges/Funcionament/motor_continua_esquema.png>
Package pdftex.def Info: Imatges/Funcionament/motor_continua_esquema.png used on input line 141.
(pdftex.def)             Requested size: 215.0023pt x 159.53416pt.
File: Imatges/etseib.png Graphic file (type png)
 <use Imatges/etseib.png>
Package pdftex.def Info: Imatges/etseib.png used on input line 152.
(pdftex.def)             Requested size: 19.51305pt x 25.51149pt.
 [7 <C:/Users/Jordi/Dropbox/Duojordanico/PFG UAV!!/LaTeX/Memoria inicial (oficial)/Imatges/Funcionament/motor_continua.p
ng> <C:/Users/Jordi/Dropbox/Duojordanico/PFG UAV!!/LaTeX/Memoria inicial (oficial)/Imatges/Funcionament/bobinas_motor_co
ntinua.png>]
<Imatges/Funcionament/motor_brushless.png, id=46, 1003.75pt x 511.9125pt>
File: Imatges/Funcionament/motor_brushless.png Graphic file (type png)

<use Imatges/Funcionament/motor_brushless.png>
Package pdftex.def Info: Imatges/Funcionament/motor_brushless.png used on input line 161.
(pdftex.def)             Requested size: 215.0023pt x 109.64505pt.
File: Imatges/etseib.png Graphic file (type png)
 <use Imatges/etseib.png>
Package pdftex.def Info: Imatges/etseib.png used on input line 169.
(pdftex.def)             Requested size: 19.51305pt x 25.51149pt.
 [8 <C:/Users/Jordi/Dropbox/Duojordanico/PFG UAV!!/LaTeX/Memoria inicial (oficial)/Imatges/Funcionament/motor_continua_e
squema.png>]
<Imatges/Funcionament/esc_conexiones.png, id=51, 712.91344pt x 365.11406pt>
File: Imatges/Funcionament/esc_conexiones.png Graphic file (type png)

<use Imatges/Funcionament/esc_conexiones.png>
Package pdftex.def Info: Imatges/Funcionament/esc_conexiones.png used on input line 189.
(pdftex.def)             Requested size: 344.005pt x 176.17757pt.
 <Imatges/Funcionament/esc_pwm.png, id=52, 603.25375pt x 197.73875pt>
File: Imatges/Funcionament/esc_pwm.png Graphic file (type png)

<use Imatges/Funcionament/esc_pwm.png>
Package pdftex.def Info: Imatges/Funcionament/esc_pwm.png used on input line 196.
(pdftex.def)             Requested size: 344.005pt x 112.76053pt.
 <Imatges/Funcionament/ESC.png, id=53, 545.78906pt x 478.78876pt>
File: Imatges/Funcionament/ESC.png Graphic file (type png)

<use Imatges/Funcionament/ESC.png>
Package pdftex.def Info: Imatges/Funcionament/ESC.png used on input line 207.
(pdftex.def)             Requested size: 344.005pt x 301.77731pt.
File: Imatges/etseib.png Graphic file (type png)
 <use Imatges/etseib.png>
Package pdftex.def Info: Imatges/etseib.png used on input line 217.
(pdftex.def)             Requested size: 19.51305pt x 25.51149pt.
 [9 <C:/Users/Jordi/Dropbox/Duojordanico/PFG UAV!!/LaTeX/Memoria inicial (oficial)/Imatges/Funcionament/motor_brushless.
png>]
File: Imatges/etseib.png Graphic file (type png)
 <use Imatges/etseib.png>
Package pdftex.def Info: Imatges/etseib.png used on input line 217.
(pdftex.def)             Requested size: 19.51305pt x 25.51149pt.
 [10 <C:/Users/Jordi/Dropbox/Duojordanico/PFG UAV!!/LaTeX/Memoria inicial (oficial)/Imatges/Funcionament/esc_conexiones.
png> <C:/Users/Jordi/Dropbox/Duojordanico/PFG UAV!!/LaTeX/Memoria inicial (oficial)/Imatges/Funcionament/esc_pwm.png (PN
G copy)>]
File: Imatges/etseib.png Graphic file (type png)

<use Imatges/etseib.png>
Package pdftex.def Info: Imatges/etseib.png used on input line 217.
(pdftex.def)             Requested size: 19.51305pt x 25.51149pt.
 [11 <C:/Users/Jordi/Dropbox/Duojordanico/PFG UAV!!/LaTeX/Memoria inicial (oficial)/Imatges/Funcionament/ESC.png>] <Imat
ges/Funcionament/Perfiles_alares.png, id=63, 505.13719pt x 575.14874pt>
File: Imatges/Funcionament/Perfiles_alares.png Graphic file (type png)

<use Imatges/Funcionament/Perfiles_alares.png>
Package pdftex.def Info: Imatges/Funcionament/Perfiles_alares.png used on input line 226.
(pdftex.def)             Requested size: 301.00192pt x 342.72237pt.
 <Imatges/Funcionament/airfoil.png, id=64, 803.0pt x 340.27126pt>
File: Imatges/Funcionament/airfoil.png Graphic file (type png)

<use Imatges/Funcionament/airfoil.png>
Package pdftex.def Info: Imatges/Funcionament/airfoil.png used on input line 233.
(pdftex.def)             Requested size: 301.00192pt x 127.54948pt.
File: Imatges/etseib.png Graphic file (type png)
 <use Imatges/etseib.png>
Package pdftex.def Info: Imatges/etseib.png used on input line 258.
(pdftex.def)             Requested size: 19.51305pt x 25.51149pt.
 [12]
File: Imatges/etseib.png Graphic file (type png)
 <use Imatges/etseib.png>
Package pdftex.def Info: Imatges/etseib.png used on input line 258.
(pdftex.def)             Requested size: 19.51305pt x 25.51149pt.
 [13 <C:/Users/Jordi/Dropbox/Duojordanico/PFG UAV!!/LaTeX/Memoria inicial (oficial)/Imatges/Funcionament/Perfiles_alares
.png> <C:/Users/Jordi/Dropbox/Duojordanico/PFG UAV!!/LaTeX/Memoria inicial (oficial)/Imatges/Funcionament/airfoil.png>]
<Imatges/Funcionament/paso_variable.png, id=73, 1284.8pt x 854.19125pt>
File: Imatges/Funcionament/paso_variable.png Graphic file (type png)
 <use Imatges/Funcionament/paso_variable.png>
Package pdftex.def Info: Imatges/Funcionament/paso_variable.png used on input line 261.
(pdftex.def)             Requested size: 301.00192pt x 200.10934pt.
File: Imatges/etseib.png Graphic file (type png)

<use Imatges/etseib.png>
Package pdftex.def Info: Imatges/etseib.png used on input line 276.
(pdftex.def)             Requested size: 19.51305pt x 25.51149pt.
 [14 <C:/Users/Jordi/Dropbox/Duojordanico/PFG UAV!!/LaTeX/Memoria inicial (oficial)/Imatges/Funcionament/paso_variable.p
ng>]
File: Imatges/etseib.png Graphic file (type png)
 <use Imatges/etseib.png>
Package pdftex.def Info: Imatges/etseib.png used on input line 287.
(pdftex.def)             Requested size: 19.51305pt x 25.51149pt.
 [15]
File: Imatges/etseib.png Graphic file (type png)
 <use Imatges/etseib.png>
Package pdftex.def Info: Imatges/etseib.png used on input line 311.
(pdftex.def)             Requested size: 19.51305pt x 25.51149pt.
 [16]
File: Imatges/etseib.png Graphic file (type png)
 <use Imatges/etseib.png>
Package pdftex.def Info: Imatges/etseib.png used on input line 327.
(pdftex.def)             Requested size: 19.51305pt x 25.51149pt.

[17] <Imatges/Disseny_Chasis/Quad_eixos.png, id=86, 489.32813pt x 239.39438pt>
File: Imatges/Disseny_Chasis/Quad_eixos.png Graphic file (type png)

<use Imatges/Disseny_Chasis/Quad_eixos.png>
Package pdftex.def Info: Imatges/Disseny_Chasis/Quad_eixos.png used on input line 336.
(pdftex.def)             Requested size: 301.00192pt x 147.26135pt.
 <Imatges/Disseny_Chasis/quadH.png, id=87, 803.0pt x 602.25pt>
File: Imatges/Disseny_Chasis/quadH.png Graphic file (type png)

<use Imatges/Disseny_Chasis/quadH.png>
Package pdftex.def Info: Imatges/Disseny_Chasis/quadH.png used on input line 350.
(pdftex.def)             Requested size: 301.00192pt x 225.7513pt.

<Imatges/Disseny_Chasis/Chasis_barras_enteras.png, id=88, 1027.84pt x 761.84625pt>
File: Imatges/Disseny_Chasis/Chasis_barras_enteras.png Graphic file (type png)

<use Imatges/Disseny_Chasis/Chasis_barras_enteras.png>
Package pdftex.def Info: Imatges/Disseny_Chasis/Chasis_barras_enteras.png used on input line 362.
(pdftex.def)             Requested size: 301.00192pt x 223.10359pt.
File: Imatges/etseib.png Graphic file (type png)
 <use Imatges/etseib.png>
Package pdftex.def Info: Imatges/etseib.png used on input line 366.
(pdftex.def)             Requested size: 19.51305pt x 25.51149pt.
 [18 <C:/Users/Jordi/Dropbox/Duojordanico/PFG UAV!!/LaTeX/Memoria inicial (oficial)/Imatges/Disseny_Chasis/Quad_eixos.pn
g>]
<Imatges/Disseny_Chasis/Chasis_4barras.png, id=92, 1150.2975pt x 785.93625pt>
File: Imatges/Disseny_Chasis/Chasis_4barras.png Graphic file (type png)

<use Imatges/Disseny_Chasis/Chasis_4barras.png>
Package pdftex.def Info: Imatges/Disseny_Chasis/Chasis_4barras.png used on input line 372.
(pdftex.def)             Requested size: 301.00192pt x 205.65776pt.

<Imatges/Disseny_Chasis/Chasis_cuadrado.png, id=93, 969.6225pt x 589.20125pt>
File: Imatges/Disseny_Chasis/Chasis_cuadrado.png Graphic file (type png)

<use Imatges/Disseny_Chasis/Chasis_cuadrado.png>
Package pdftex.def Info: Imatges/Disseny_Chasis/Chasis_cuadrado.png used on input line 384.
(pdftex.def)             Requested size: 301.00192pt x 182.91121pt.
File: Imatges/etseib.png Graphic file (type png)
 <use Imatges/etseib.png>
Package pdftex.def Info: Imatges/etseib.png used on input line 394.
(pdftex.def)             Requested size: 19.51305pt x 25.51149pt.
 [19 <C:/Users/Jordi/Dropbox/Duojordanico/PFG UAV!!/LaTeX/Memoria inicial (oficial)/Imatges/Disseny_Chasis/quadH.png>]
File: Imatges/etseib.png Graphic file (type png)
 <use Imatges/etseib.png>
Package pdftex.def Info: Imatges/etseib.png used on input line 394.
(pdftex.def)             Requested size: 19.51305pt x 25.51149pt.
 [20 <C:/Users/Jordi/Dropbox/Duojordanico/PFG UAV!!/LaTeX/Memoria inicial (oficial)/Imatges/Disseny_Chasis/Chasis_barras
_enteras.png> <C:/Users/Jordi/Dropbox/Duojordanico/PFG UAV!!/LaTeX/Memoria inicial (oficial)/Imatges/Disseny_Chasis/Chas
is_4barras.png>]
<Imatges/Disseny_Chasis/Croquis_chasis.png, id=101, 3144.74875pt x 1297.84875pt>
File: Imatges/Disseny_Chasis/Croquis_chasis.png Graphic file (type png)

<use Imatges/Disseny_Chasis/Croquis_chasis.png>
Package pdftex.def Info: Imatges/Disseny_Chasis/Croquis_chasis.png used on input line 405.
(pdftex.def)             Requested size: 430.00462pt x 177.45963pt.
File: Imatges/etseib.png Graphic file (type png)
 <use Imatges/etseib.png>
Package pdftex.def Info: Imatges/etseib.png used on input line 413.
(pdftex.def)             Requested size: 19.51305pt x 25.51149pt.
 [21 <C:/Users/Jordi/Dropbox/Duojordanico/PFG UAV!!/LaTeX/Memoria inicial (oficial)/Imatges/Disseny_Chasis/Chasis_cuadra
do.png>]
<Imatges/Disseny_Chasis/soporte_motor.png, id=105, 227.4096pt x 186.4566pt>
File: Imatges/Disseny_Chasis/soporte_motor.png Graphic file (type png)

<use Imatges/Disseny_Chasis/soporte_motor.png>
Package pdftex.def Info: Imatges/Disseny_Chasis/soporte_motor.png used on input line 418.
(pdftex.def)             Requested size: 258.00539pt x 211.54419pt.

<Imatges/Disseny_Chasis/Seccion_barras.png, id=106, 520.94624pt x 419.5675pt>
File: Imatges/Disseny_Chasis/Seccion_barras.png Graphic file (type png)

<use Imatges/Disseny_Chasis/Seccion_barras.png>
Package pdftex.def Info: Imatges/Disseny_Chasis/Seccion_barras.png used on input line 429.
(pdftex.def)             Requested size: 258.00539pt x 207.79858pt.
File: Imatges/etseib.png Graphic file (type png)
 <use Imatges/etseib.png>
Package pdftex.def Info: Imatges/etseib.png used on input line 437.
(pdftex.def)             Requested size: 19.51305pt x 25.51149pt.
 [22 <C:/Users/Jordi/Dropbox/Duojordanico/PFG UAV!!/LaTeX/Memoria inicial (oficial)/Imatges/Disseny_Chasis/Croquis_chasi
s.png>]
File: Imatges/etseib.png Graphic file (type png)
 <use Imatges/etseib.png>
Package pdftex.def Info: Imatges/etseib.png used on input line 437.
(pdftex.def)             Requested size: 19.51305pt x 25.51149pt.
 [23 <C:/Users/Jordi/Dropbox/Duojordanico/PFG UAV!!/LaTeX/Memoria inicial (oficial)/Imatges/Disseny_Chasis/soporte_motor
.png> <C:/Users/Jordi/Dropbox/Duojordanico/PFG UAV!!/LaTeX/Memoria inicial (oficial)/Imatges/Disseny_Chasis/Seccion_barr
as.png>]
<Imatges/Disseny_Chasis/quad_frame.png, id=114, 297.0297pt x 197.65845pt>
File: Imatges/Disseny_Chasis/quad_frame.png Graphic file (type png)
 <use Imatges/Disseny_Chasis/quad_frame.png>
Package pdftex.def Info: Imatges/Disseny_Chasis/quad_frame.png used on input line 442.
(pdftex.def)             Requested size: 344.005pt x 228.94011pt.

<Imatges/Disseny_Chasis/conexiones_esc.png, id=115, 278.9622pt x 247.8861pt>
File: Imatges/Disseny_Chasis/conexiones_esc.png Graphic file (type png)

<use Imatges/Disseny_Chasis/conexiones_esc.png>
Package pdftex.def Info: Imatges/Disseny_Chasis/conexiones_esc.png used on input line 452.
(pdftex.def)             Requested size: 301.00192pt x 267.49359pt.
File: Imatges/etseib.png Graphic file (type png)
 <use Imatges/etseib.png>
Package pdftex.def Info: Imatges/etseib.png used on input line 462.
(pdftex.def)             Requested size: 19.51305pt x 25.51149pt.
 [24 <C:/Users/Jordi/Dropbox/Duojordanico/PFG UAV!!/LaTeX/Memoria inicial (oficial)/Imatges/Disseny_Chasis/quad_frame.pn
g>]
File: Imatges/etseib.png Graphic file (type png)
 <use Imatges/etseib.png>
Package pdftex.def Info: Imatges/etseib.png used on input line 462.
(pdftex.def)             Requested size: 19.51305pt x 25.51149pt.
 [25 <C:/Users/Jordi/Dropbox/Duojordanico/PFG UAV!!/LaTeX/Memoria inicial (oficial)/Imatges/Disseny_Chasis/conexiones_es
c.png>]
File: Imatges/etseib.png Graphic file (type png)

<use Imatges/etseib.png>
Package pdftex.def Info: Imatges/etseib.png used on input line 463.
(pdftex.def)             Requested size: 19.51305pt x 25.51149pt.
 [26]
File: Imatges/etseib.png Graphic file (type png)
 <use Imatges/etseib.png>
Package pdftex.def Info: Imatges/etseib.png used on input line 492.
(pdftex.def)             Requested size: 19.51305pt x 25.51149pt.
 [27]
File: Imatges/etseib.png Graphic file (type png)
 <use Imatges/etseib.png>
Package pdftex.def Info: Imatges/etseib.png used on input line 516.
(pdftex.def)             Requested size: 19.51305pt x 25.51149pt.
 [28]
File: Imatges/etseib.png Graphic file (type png)
 <use Imatges/etseib.png>
Package pdftex.def Info: Imatges/etseib.png used on input line 544.
(pdftex.def)             Requested size: 19.51305pt x 25.51149pt.

[29]
Overfull \hbox (30.78221pt too wide) in paragraph at lines 577--578
[]\OT1/cmr/m/n/12 Motores po-tentes: Que puedan lev-an-tar el doble de peso del pro-pio cuadricoptero 
 []

File: Imatges/etseib.png Graphic file (type png)
<use Imatges/etseib.png>
Package pdftex.def Info: Imatges/etseib.png used on input line 579.
(pdftex.def)             Requested size: 19.51305pt x 25.51149pt.
 [30] <Imatges/Componentes/bateria.png, id=141, 599.99156pt x 679.03688pt>
File: Imatges/Componentes/bateria.png Graphic file (type png)

<use Imatges/Componentes/bateria.png>
Package pdftex.def Info: Imatges/Componentes/bateria.png used on input line 593.
(pdftex.def)             Requested size: 344.005pt x 389.33452pt.
 <Imatges/Componentes/motor.png, id=142, 478.78876pt x 542.025pt>
File: Imatges/Componentes/motor.png Graphic file (type png)

<use Imatges/Componentes/motor.png>
Package pdftex.def Info: Imatges/Componentes/motor.png used on input line 604.
(pdftex.def)             Requested size: 344.005pt x 389.4389pt.
 <Imatges/Componentes/8x4_5.png, id=143, 854.44218pt x 620.3175pt>
File: Imatges/Componentes/8x4_5.png Graphic file (type png)

<use Imatges/Componentes/8x4_5.png>
Package pdftex.def Info: Imatges/Componentes/8x4_5.png used on input line 617.
(pdftex.def)             Requested size: 430.00462pt x 312.17409pt.
 <Imatges/Componentes/10x4_5.png, id=144, 854.44218pt x 620.3175pt>
File: Imatges/Componentes/10x4_5.png Graphic file (type png)

<use Imatges/Componentes/10x4_5.png>
Package pdftex.def Info: Imatges/Componentes/10x4_5.png used on input line 625.
(pdftex.def)             Requested size: 430.00462pt x 312.17409pt.
 <Imatges/Componentes/11x4_5.png, id=145, 861.2175pt x 620.3175pt>
File: Imatges/Componentes/11x4_5.png Graphic file (type png)

<use Imatges/Componentes/11x4_5.png>
Package pdftex.def Info: Imatges/Componentes/11x4_5.png used on input line 633.
(pdftex.def)             Requested size: 430.00462pt x 309.73206pt.
 <Imatges/Componentes/12x4_5.png, id=146, 854.44218pt x 620.3175pt>
File: Imatges/Componentes/12x4_5.png Graphic file (type png)

<use Imatges/Componentes/12x4_5.png>
Package pdftex.def Info: Imatges/Componentes/12x4_5.png used on input line 641.
(pdftex.def)             Requested size: 430.00462pt x 312.17409pt.
File: Imatges/etseib.png Graphic file (type png)
 <use Imatges/etseib.png>
Package pdftex.def Info: Imatges/etseib.png used on input line 650.
(pdftex.def)             Requested size: 19.51305pt x 25.51149pt.
 [31]
File: Imatges/etseib.png Graphic file (type png)
 <use Imatges/etseib.png>
Package pdftex.def Info: Imatges/etseib.png used on input line 650.
(pdftex.def)             Requested size: 19.51305pt x 25.51149pt.
 [32 <C:/Users/Jordi/Dropbox/Duojordanico/PFG UAV!!/LaTeX/Memoria inicial (oficial)/Imatges/Componentes/bateria.png>]
File: Imatges/etseib.png Graphic file (type png)
 <use Imatges/etseib.png>
Package pdftex.def Info: Imatges/etseib.png used on input line 650.
(pdftex.def)             Requested size: 19.51305pt x 25.51149pt.

[33 <C:/Users/Jordi/Dropbox/Duojordanico/PFG UAV!!/LaTeX/Memoria inicial (oficial)/Imatges/Componentes/motor.png>]
File: Imatges/etseib.png Graphic file (type png)

<use Imatges/etseib.png>
Package pdftex.def Info: Imatges/etseib.png used on input line 650.
(pdftex.def)             Requested size: 19.51305pt x 25.51149pt.
 [34 <C:/Users/Jordi/Dropbox/Duojordanico/PFG UAV!!/LaTeX/Memoria inicial (oficial)/Imatges/Componentes/8x4_5.png>]
File: Imatges/etseib.png Graphic file (type png)
 <use Imatges/etseib.png>
Package pdftex.def Info: Imatges/etseib.png used on input line 650.
(pdftex.def)             Requested size: 19.51305pt x 25.51149pt.
 [35 <C:/Users/Jordi/Dropbox/Duojordanico/PFG UAV!!/LaTeX/Memoria inicial (oficial)/Imatges/Componentes/10x4_5.png>]
File: Imatges/etseib.png Graphic file (type png)
 <use Imatges/etseib.png>
Package pdftex.def Info: Imatges/etseib.png used on input line 650.
(pdftex.def)             Requested size: 19.51305pt x 25.51149pt.
 [36 <C:/Users/Jordi/Dropbox/Duojordanico/PFG UAV!!/LaTeX/Memoria inicial (oficial)/Imatges/Componentes/11x4_5.png>]
File: Imatges/etseib.png Graphic file (type png)
 <use Imatges/etseib.png>
Package pdftex.def Info: Imatges/etseib.png used on input line 650.
(pdftex.def)             Requested size: 19.51305pt x 25.51149pt.
 [37 <C:/Users/Jordi/Dropbox/Duojordanico/PFG UAV!!/LaTeX/Memoria inicial (oficial)/Imatges/Componentes/12x4_5.png>]
<Imatges/Componentes/ESC.png, id=170, 506.6428pt x 679.03688pt>
File: Imatges/Componentes/ESC.png Graphic file (type png)
 <use Imatges/Componentes/ESC.png>
Package pdftex.def Info: Imatges/Componentes/ESC.png used on input line 653.
(pdftex.def)             Requested size: 344.005pt x 461.06549pt.

<Imatges/Componentes/multiwii.png, id=171, 512.66531pt x 688.82344pt>
File: Imatges/Componentes/multiwii.png Graphic file (type png)
 <use Imatges/Componentes/multiwii.png>
Package pdftex.def Info: Imatges/Componentes/multiwii.png used on input line 666.
(pdftex.def)             Requested size: 344.005pt x 462.21352pt.

<Imatges/Componentes/emisora.png, id=172, 640.64343pt x 528.47438pt>
File: Imatges/Componentes/emisora.png Graphic file (type png)
 <use Imatges/Componentes/emisora.png>
Package pdftex.def Info: Imatges/Componentes/emisora.png used on input line 675.
(pdftex.def)             Requested size: 344.005pt x 283.77527pt.

<Imatges/Componentes/raspberry_pi.jpg, id=173, 1284.8pt x 1027.84pt>
File: Imatges/Componentes/raspberry_pi.jpg Graphic file (type jpg)
 <use Imatges/Componentes/raspberry_pi.jpg>
Package pdftex.def Info: Imatges/Componentes/raspberry_pi.jpg used on input line 683.
(pdftex.def)             Requested size: 344.005pt x 275.19934pt.
File: Imatges/etseib.png Graphic file (type png)

<use Imatges/etseib.png>
Package pdftex.def Info: Imatges/etseib.png used on input line 690.
(pdftex.def)             Requested size: 19.51305pt x 25.51149pt.
 [38]
File: Imatges/etseib.png Graphic file (type png)
 <use Imatges/etseib.png>
Package pdftex.def Info: Imatges/etseib.png used on input line 690.
(pdftex.def)             Requested size: 19.51305pt x 25.51149pt.
 [39 <C:/Users/Jordi/Dropbox/Duojordanico/PFG UAV!!/LaTeX/Memoria inicial (oficial)/Imatges/Componentes/ESC.png>]
File: Imatges/etseib.png Graphic file (type png)
 <use Imatges/etseib.png>
Package pdftex.def Info: Imatges/etseib.png used on input line 690.
(pdftex.def)             Requested size: 19.51305pt x 25.51149pt.
 [40 <C:/Users/Jordi/Dropbox/Duojordanico/PFG UAV!!/LaTeX/Memoria inicial (oficial)/Imatges/Componentes/multiwii.png>]
File: Imatges/etseib.png Graphic file (type png)
 <use Imatges/etseib.png>
Package pdftex.def Info: Imatges/etseib.png used on input line 690.
(pdftex.def)             Requested size: 19.51305pt x 25.51149pt.
 [41 <C:/Users/Jordi/Dropbox/Duojordanico/PFG UAV!!/LaTeX/Memoria inicial (oficial)/Imatges/Componentes/emisora.png>]
File: Imatges/etseib.png Graphic file (type png)
 <use Imatges/etseib.png>
Package pdftex.def Info: Imatges/etseib.png used on input line 690.
(pdftex.def)             Requested size: 19.51305pt x 25.51149pt.

[42 <C:/Users/Jordi/Dropbox/Duojordanico/PFG UAV!!/LaTeX/Memoria inicial (oficial)/Imatges/Componentes/raspberry_pi.jpg>
] ("C:\Users\Jordi\Dropbox\Duojordanico\PFG UAV!!\LaTeX\Memoria inicial (oficial)\memoria inicial.aux") ) 
Here is how much of TeX's memory you used:
 2220 strings out of 493921
 33922 string characters out of 3144876
 88344 words of memory out of 3000000
 5475 multiletter control sequences out of 15000+200000
 9155 words of font info for 32 fonts, out of 3000000 for 9000
 841 hyphenation exceptions out of 8191
 29i,14n,43p,1196b,423s stack positions out of 5000i,500n,10000p,200000b,50000s
<C:/Program Fil
es (x86)/MiKTeX 2.9/fonts/type1/public/amsfonts/cm/cmbx12.pfb><C:/Program Files (x86)/MiKTeX 2.9/fonts/type1/public/amsf
onts/cm/cmmi12.pfb><C:/Program Files (x86)/MiKTeX 2.9/fonts/type1/public/amsfonts/cm/cmmi6.pfb><C:/Program Files (x86)/M
iKTeX 2.9/fonts/type1/public/amsfonts/cm/cmmi8.pfb><C:/Program Files (x86)/MiKTeX 2.9/fonts/type1/public/amsfonts/cm/cmr
12.pfb><C:/Program Files (x86)/MiKTeX 2.9/fonts/type1/public/amsfonts/cm/cmr17.pfb><C:/Program Files (x86)/MiKTeX 2.9/fo
nts/type1/public/amsfonts/cm/cmr8.pfb><C:/Program Files (x86)/MiKTeX 2.9/fonts/type1/public/amsfonts/cm/cmsy10.pfb><C:/P
rogram Files (x86)/MiKTeX 2.9/fonts/type1/public/amsfonts/cm/cmsy8.pfb><C:/Program Files (x86)/MiKTeX 2.9/fonts/type1/pu
blic/amsfonts/cm/cmti12.pfb>
Output written on "memoria inicial.pdf" (42 pages, 17806525 bytes).
PDF statistics:
 224 PDF objects out of 1000 (max. 8388607)
 0 named destinations out of 1000 (max. 500000)
 176 words of extra memory for PDF output out of 10000 (max. 10000000)

